# JRE version: Java(TM) SE Runtime Environment (8.0_221-b11) (build 1.8.0_221-b11)
# Java VM: Java HotSpot(TM) 64-Bit Server VM (25.221-b11 mixed mode windows-amd64 compressed oops)
Heap:
 PSYoungGen      total 130560K, used 45497K [0x000000076ab00000, 0x0000000776b80000, 0x00000007c0000000)
  eden space 88576K, 3% used [0x000000076ab00000,0x000000076ae731e0,0x0000000770180000)
  from space 41984K, 99% used [0x0000000773400000,0x0000000775cfb5e8,0x0000000775d00000)
  to   space 51712K, 0% used [0x0000000770180000,0x0000000770180000,0x0000000773400000)
 ParOldGen       total 174592K, used 63598K [0x00000006c0000000, 0x00000006caa80000, 0x000000076ab00000)
  object space 174592K, 36% used [0x00000006c0000000,0x00000006c3e1b890,0x00000006caa80000)
 Metaspace       used 22566K, capacity 22820K, committed 22960K, reserved 1069056K
  class space    used 2608K, capacity 2696K, committed 2736K, reserved 1048576K
GC Heap History (10 events):
Event: 9.194 GC heap before
{Heap before GC invocations=4 (full 1):
 PSYoungGen      total 38400K, used 5112K [0x000000076ab00000, 0x000000076f600000, 0x00000007c0000000)
  eden space 33280K, 0% used [0x000000076ab00000,0x000000076ab00000,0x000000076cb80000)
  from space 5120K, 99% used [0x000000076cb80000,0x000000076d07e070,0x000000076d080000)
  to   space 5120K, 0% used [0x000000076f100000,0x000000076f100000,0x000000076f600000)
 ParOldGen       total 87552K, used 9044K [0x00000006c0000000, 0x00000006c5580000, 0x000000076ab00000)
  object space 87552K, 10% used [0x00000006c0000000,0x00000006c08d5100,0x00000006c5580000)
 Metaspace       used 21012K, capacity 21214K, committed 21296K, reserved 1069056K
  class space    used 2471K, capacity 2567K, committed 2608K, reserved 1048576K
Event: 9.264 GC heap after
Heap after GC invocations=4 (full 1):
 PSYoungGen      total 38400K, used 0K [0x000000076ab00000, 0x000000076f600000, 0x00000007c0000000)
  eden space 33280K, 0% used [0x000000076ab00000,0x000000076ab00000,0x000000076cb80000)
  from space 5120K, 0% used [0x000000076cb80000,0x000000076cb80000,0x000000076d080000)
  to   space 5120K, 0% used [0x000000076f100000,0x000000076f100000,0x000000076f600000)
 ParOldGen       total 56832K, used 6792K [0x00000006c0000000, 0x00000006c3780000, 0x000000076ab00000)
  object space 56832K, 11% used [0x00000006c0000000,0x00000006c06a2320,0x00000006c3780000)
 Metaspace       used 21012K, capacity 21214K, committed 21296K, reserved 1069056K
  class space    used 2471K, capacity 2567K, committed 2608K, reserved 1048576K
}
Event: 13.638 GC heap before
{Heap before GC invocations=5 (full 1):
 PSYoungGen      total 38400K, used 33280K [0x000000076ab00000, 0x000000076f600000, 0x00000007c0000000)
  eden space 33280K, 100% used [0x000000076ab00000,0x000000076cb80000,0x000000076cb80000)
  from space 5120K, 0% used [0x000000076cb80000,0x000000076cb80000,0x000000076d080000)
  to   space 5120K, 0% used [0x000000076f100000,0x000000076f100000,0x000000076f600000)
 ParOldGen       total 56832K, used 6792K [0x00000006c0000000, 0x00000006c3780000, 0x000000076ab00000)
  object space 56832K, 11% used [0x00000006c0000000,0x00000006c06a2320,0x00000006c3780000)
 Metaspace       used 22247K, capacity 22462K, committed 22704K, reserved 1069056K
  class space    used 2601K, capacity 2663K, committed 2736K, reserved 1048576K
Event: 13.715 GC heap after
Heap after GC invocations=5 (full 1):
 PSYoungGen      total 61440K, used 5088K [0x000000076ab00000, 0x000000076f600000, 0x00000007c0000000)
  eden space 56320K, 0% used [0x000000076ab00000,0x000000076ab00000,0x000000076e200000)
  from space 5120K, 99% used [0x000000076f100000,0x000000076f5f8368,0x000000076f600000)
  to   space 5120K, 0% used [0x000000076ec00000,0x000000076ec00000,0x000000076f100000)
 ParOldGen       total 56832K, used 25764K [0x00000006c0000000, 0x00000006c3780000, 0x000000076ab00000)
  object space 56832K, 45% used [0x00000006c0000000,0x00000006c1929238,0x00000006c3780000)
 Metaspace       used 22247K, capacity 22462K, committed 22704K, reserved 1069056K
  class space    used 2601K, capacity 2663K, committed 2736K, reserved 1048576K
}
Event: 16.002 GC heap before
{Heap before GC invocations=6 (full 1):
 PSYoungGen      total 61440K, used 61408K [0x000000076ab00000, 0x000000076f600000, 0x00000007c0000000)
  eden space 56320K, 100% used [0x000000076ab00000,0x000000076e200000,0x000000076e200000)
  from space 5120K, 99% used [0x000000076f100000,0x000000076f5f8368,0x000000076f600000)
  to   space 5120K, 0% used [0x000000076ec00000,0x000000076ec00000,0x000000076f100000)
 ParOldGen       total 56832K, used 25764K [0x00000006c0000000, 0x00000006c3780000, 0x000000076ab00000)
  object space 56832K, 45% used [0x00000006c0000000,0x00000006c1929238,0x00000006c3780000)
 Metaspace       used 22333K, capacity 22462K, committed 22704K, reserved 1069056K
  class space    used 2603K, capacity 2663K, committed 2736K, reserved 1048576K
Event: 16.094 GC heap after
Heap after GC invocations=6 (full 1):
 PSYoungGen      total 71680K, used 5105K [0x000000076ab00000, 0x0000000775d00000, 0x00000007c0000000)
  eden space 66560K, 0% used [0x000000076ab00000,0x000000076ab00000,0x000000076ec00000)
  from space 5120K, 99% used [0x000000076ec00000,0x000000076f0fc528,0x000000076f100000)
  to   space 41984K, 0% used [0x0000000773400000,0x0000000773400000,0x0000000775d00000)
 ParOldGen       total 63488K, used 63348K [0x00000006c0000000, 0x00000006c3e00000, 0x000000076ab00000)
  object space 63488K, 99% used [0x00000006c0000000,0x00000006c3ddd238,0x00000006c3e00000)
 Metaspace       used 22333K, capacity 22462K, committed 22704K, reserved 1069056K
  class space    used 2603K, capacity 2663K, committed 2736K, reserved 1048576K
}
Event: 16.094 GC heap before
{Heap before GC invocations=7 (full 2):
 PSYoungGen      total 71680K, used 5105K [0x000000076ab00000, 0x0000000775d00000, 0x00000007c0000000)
  eden space 66560K, 0% used [0x000000076ab00000,0x000000076ab00000,0x000000076ec00000)
  from space 5120K, 99% used [0x000000076ec00000,0x000000076f0fc528,0x000000076f100000)
  to   space 41984K, 0% used [0x0000000773400000,0x0000000773400000,0x0000000775d00000)
 ParOldGen       total 63488K, used 63348K [0x00000006c0000000, 0x00000006c3e00000, 0x000000076ab00000)
  object space 63488K, 99% used [0x00000006c0000000,0x00000006c3ddd238,0x00000006c3e00000)
 Metaspace       used 22333K, capacity 22462K, committed 22704K, reserved 1069056K
  class space    used 2603K, capacity 2663K, committed 2736K, reserved 1048576K
Event: 16.808 GC heap after
Heap after GC invocations=7 (full 2):
 PSYoungGen      total 71680K, used 3980K [0x000000076ab00000, 0x0000000775d00000, 0x00000007c0000000)
  eden space 66560K, 0% used [0x000000076ab00000,0x000000076ab00000,0x000000076ec00000)
  from space 5120K, 77% used [0x000000076ec00000,0x000000076efe3338,0x000000076f100000)
  to   space 41984K, 0% used [0x0000000773400000,0x0000000773400000,0x0000000775d00000)
 ParOldGen       total 174592K, used 62768K [0x00000006c0000000, 0x00000006caa80000, 0x000000076ab00000)
  object space 174592K, 35% used [0x00000006c0000000,0x00000006c3d4c3d8,0x00000006caa80000)
 Metaspace       used 22333K, capacity 22462K, committed 22704K, reserved 1069056K
  class space    used 2603K, capacity 2663K, committed 2736K, reserved 1048576K
}
Event: 17.563 GC heap before
{Heap before GC invocations=8 (full 2):
 PSYoungGen      total 71680K, used 70540K [0x000000076ab00000, 0x0000000775d00000, 0x00000007c0000000)
  eden space 66560K, 100% used [0x000000076ab00000,0x000000076ec00000,0x000000076ec00000)
  from space 5120K, 77% used [0x000000076ec00000,0x000000076efe3338,0x000000076f100000)
  to   space 41984K, 0% used [0x0000000773400000,0x0000000773400000,0x0000000775d00000)
 ParOldGen       total 174592K, used 62768K [0x00000006c0000000, 0x00000006caa80000, 0x000000076ab00000)
  object space 174592K, 35% used [0x00000006c0000000,0x00000006c3d4c3d8,0x00000006caa80000)
 Metaspace       used 22566K, capacity 22820K, committed 22960K, reserved 1069056K
  class space    used 2608K, capacity 2696K, committed 2736K, reserved 1048576K
Event: 17.678 GC heap after
Heap after GC invocations=8 (full 2):
 PSYoungGen      total 130560K, used 41965K [0x000000076ab00000, 0x0000000776b80000, 0x00000007c0000000)
  eden space 88576K, 0% used [0x000000076ab00000,0x000000076ab00000,0x0000000770180000)
  from space 41984K, 99% used [0x0000000773400000,0x0000000775cfb5e8,0x0000000775d00000)
  to   space 51712K, 0% used [0x0000000770180000,0x0000000770180000,0x0000000773400000)
 ParOldGen       total 174592K, used 63598K [0x00000006c0000000, 0x00000006caa80000, 0x000000076ab00000)
  object space 174592K, 36% used [0x00000006c0000000,0x00000006c3e1b890,0x00000006caa80000)
 Metaspace       used 22566K, capacity 22820K, committed 22960K, reserved 1069056K
  class space    used 2608K, capacity 2696K, committed 2736K, reserved 1048576K
}

